2024-05-13 20:43:33 - [32minfo[39m: [32mApp running on port 3000[39m
2024-05-13 20:43:33 - [32minfo[39m: [32mConnected to database[39m
2024-05-13 20:43:42 - [32minfo[39m: [32mApp running on port 3000[39m
2024-05-13 20:43:42 - [32minfo[39m: [32mConnected to database[39m
2024-05-13 20:45:03 - [35mhttp[39m: [35mGET /api/test 200 12 - 2.628 ms[39m
[35m[39m
2024-05-13 20:45:09 - [35mhttp[39m: [35mPOST /api/movie 200 20 - 0.823 ms[39m
[35m[39m
2024-05-13 20:55:16 - [32minfo[39m: [32mApp running on port 3000[39m
2024-05-13 20:55:22 - [32minfo[39m: [32mConnected to database[39m
2024-05-13 20:55:39 - [32minfo[39m: [32mApp running on port 3000[39m
2024-05-13 20:55:45 - [32minfo[39m: [32mConnected to database[39m
2024-05-13 20:56:51 - [35mhttp[39m: [35mPOST /api/movie 201 156 - 42.272 ms[39m
[35m[39m
2024-05-13 21:03:48 - [32minfo[39m: [32mApp running on port 3000[39m
2024-05-13 21:03:49 - [32minfo[39m: [32mConnected to database[39m
2024-05-13 21:03:59 - [32minfo[39m: [32mApp running on port 3000[39m
2024-05-13 21:04:00 - [32minfo[39m: [32mConnected to database[39m
2024-05-13 21:07:42 - [32minfo[39m: [32mApp running on port 3000[39m
2024-05-13 21:07:43 - [32minfo[39m: [32mConnected to database[39m
2024-05-13 21:07:44 - [32minfo[39m: [32mApp running on port 3000[39m
2024-05-13 21:07:44 - [32minfo[39m: [32mConnected to database[39m
2024-05-13 21:08:40 - [32minfo[39m: [32mApp running on port 3000[39m
2024-05-13 21:08:41 - [32minfo[39m: [32mConnected to database[39m
2024-05-13 21:08:49 - [32minfo[39m: [32mApp running on port 3000[39m
2024-05-13 21:08:50 - [32minfo[39m: [32mConnected to database[39m
2024-05-13 21:11:06 - [32minfo[39m: [32mApp running on port 3000[39m
2024-05-13 21:11:07 - [32minfo[39m: [32mConnected to database[39m
2024-05-13 21:11:21 - [32minfo[39m: [32mApp running on port 3000[39m
2024-05-13 21:11:21 - [32minfo[39m: [32mConnected to database[39m
2024-05-13 21:11:23 - [32minfo[39m: [32mApp running on port 3000[39m
2024-05-13 21:11:24 - [32minfo[39m: [32mConnected to database[39m
2024-05-13 21:13:15 - [32minfo[39m: [32mApp running on port 3000[39m
2024-05-13 21:13:16 - [32minfo[39m: [32mConnected to database[39m
2024-05-13 21:13:26 - [35mhttp[39m: [35mPOST /api/movie 201 156 - 43.986 ms[39m
[35m[39m
2024-05-13 21:14:08 - [32minfo[39m: [32mApp running on port 3000[39m
2024-05-13 21:14:14 - [32minfo[39m: [32mConnected to database[39m
2024-05-14 22:35:11 - [32minfo[39m: [32mApp running on port 3000[39m
2024-05-14 22:35:33 - [32minfo[39m: [32mApp running on port 3000[39m
2024-05-14 22:35:41 - [35mhttp[39m: [35mGET /api/test 200 12 - 1.673 ms[39m
[35m[39m
2024-05-14 22:36:03 - [31merror[39m: [31mError while connecting to database:  Could not connect to any servers in your MongoDB Atlas cluster. One common reason is that you're trying to access the database from an IP that isn't whitelisted. Make sure your current IP address is on your Atlas cluster's IP whitelist: https://www.mongodb.com/docs/atlas/security-whitelist/[39m
2024-05-14 22:37:30 - [32minfo[39m: [32mApp running on port 3000[39m
2024-05-14 22:37:31 - [32minfo[39m: [32mConnected to database[39m
2024-05-14 22:37:36 - [35mhttp[39m: [35mGET /api/test 200 12 - 1.686 ms[39m
[35m[39m
2024-05-14 22:37:40 - [35mhttp[39m: [35mPOST /api/movie 422 185 - 4.151 ms[39m
[35m[39m
2024-05-14 22:37:49 - [35mhttp[39m: [35mPOST /api/movie 422 286 - 2.155 ms[39m
[35m[39m
2024-05-14 22:37:57 - [35mhttp[39m: [35mPOST /api/movie 422 247 - 0.996 ms[39m
[35m[39m
2024-05-14 22:43:11 - [35mhttp[39m: [35mPOST /api/movie 422 140 - 0.825 ms[39m
[35m[39m
2024-05-14 22:43:38 - [32minfo[39m: [32mApp running on port 3000[39m
2024-05-14 22:43:39 - [32minfo[39m: [32mConnected to database[39m
2024-05-14 22:44:38 - [32minfo[39m: [32mApp running on port 3000[39m
2024-05-14 22:44:39 - [32minfo[39m: [32mConnected to database[39m
2024-05-14 22:44:42 - [35mhttp[39m: [35mPOST /api/movie 422 156 - 7.035 ms[39m
[35m[39m
2024-05-14 22:44:46 - [32minfo[39m: [32mApp running on port 3000[39m
2024-05-14 22:44:47 - [32minfo[39m: [32mConnected to database[39m
2024-05-14 22:47:42 - [32minfo[39m: [32mApp running on port 3000[39m
2024-05-14 22:47:43 - [32minfo[39m: [32mConnected to database[39m
2024-05-14 22:47:45 - [35mhttp[39m: [35mPOST /api/movie 422 141 - 5.082 ms[39m
[35m[39m
2024-05-14 22:47:46 - [35mhttp[39m: [35mPOST /api/movie 422 141 - 1.564 ms[39m
[35m[39m
2024-05-14 22:47:47 - [35mhttp[39m: [35mPOST /api/movie 422 141 - 1.018 ms[39m
[35m[39m
2024-05-14 22:47:52 - [32minfo[39m: [32mApp running on port 3000[39m
2024-05-14 22:47:52 - [32minfo[39m: [32mConnected to database[39m
2024-05-14 22:48:04 - [32minfo[39m: [32mApp running on port 3000[39m
2024-05-14 22:48:04 - [32minfo[39m: [32mConnected to database[39m
2024-05-14 22:48:09 - [35mhttp[39m: [35mPOST /api/movie 201 171 - 44.503 ms[39m
[35m[39m
2024-05-14 22:48:19 - [32minfo[39m: [32mApp running on port 3000[39m
2024-05-14 22:48:19 - [32minfo[39m: [32mConnected to database[39m
2024-05-14 22:48:20 - [35mhttp[39m: [35mPOST /api/movie 422 140 - 5.075 ms[39m
[35m[39m
2024-05-14 22:49:58 - [32minfo[39m: [32mApp running on port 3000[39m
2024-05-14 22:49:58 - [32minfo[39m: [32mConnected to database[39m
2024-05-14 22:51:33 - [32minfo[39m: [32mApp running on port 3000[39m
2024-05-14 22:51:33 - [32minfo[39m: [32mConnected to database[39m
2024-05-14 22:52:08 - [35mhttp[39m: [35mPOST /api/movie 422 140 - 6.220 ms[39m
[35m[39m
2024-05-14 22:56:02 - [32minfo[39m: [32mApp running on port 3000[39m
2024-05-14 22:56:03 - [32minfo[39m: [32mConnected to database[39m
2024-05-14 22:56:06 - [35mhttp[39m: [35mPOST /api/movie 422 140 - 5.067 ms[39m
[35m[39m
2024-05-14 22:56:08 - [35mhttp[39m: [35mPOST /api/movie 422 140 - 1.507 ms[39m
[35m[39m
2024-05-14 22:56:09 - [35mhttp[39m: [35mPOST /api/movie 422 140 - 0.931 ms[39m
[35m[39m
2024-05-14 22:56:16 - [32minfo[39m: [32mApp running on port 3000[39m
2024-05-14 22:56:16 - [32minfo[39m: [32mConnected to database[39m
2024-05-14 22:56:19 - [35mhttp[39m: [35mPOST /api/movie 422 140 - 7.275 ms[39m
[35m[39m
2024-05-14 22:59:37 - [32minfo[39m: [32mApp running on port 3000[39m
2024-05-14 22:59:37 - [32minfo[39m: [32mConnected to database[39m
2024-05-14 22:59:40 - [35mhttp[39m: [35mPOST /api/movie 422 140 - 5.138 ms[39m
[35m[39m
2024-05-14 22:59:41 - [35mhttp[39m: [35mPOST /api/movie 422 140 - 1.879 ms[39m
[35m[39m
2024-05-14 22:59:46 - [32minfo[39m: [32mApp running on port 3000[39m
2024-05-14 22:59:46 - [32minfo[39m: [32mConnected to database[39m
2024-05-14 23:00:12 - [32minfo[39m: [32mApp running on port 3000[39m
2024-05-14 23:00:12 - [32minfo[39m: [32mConnected to database[39m
2024-05-14 23:00:24 - [35mhttp[39m: [35mPOST /api/movie 201 154 - 42.992 ms[39m
[35m[39m
2024-05-14 23:00:34 - [35mhttp[39m: [35mPOST /api/movie 422 51 - 1.169 ms[39m
[35m[39m
2024-05-14 23:01:47 - [32minfo[39m: [32mApp running on port 3000[39m
2024-05-14 23:01:47 - [32minfo[39m: [32mConnected to database[39m
2024-05-14 23:02:30 - [32minfo[39m: [32mApp running on port 3000[39m
2024-05-14 23:02:31 - [32minfo[39m: [32mConnected to database[39m
2024-05-14 23:02:35 - [32minfo[39m: [32mApp running on port 3000[39m
2024-05-14 23:02:35 - [32minfo[39m: [32mConnected to database[39m
2024-05-14 23:02:41 - [35mhttp[39m: [35mPOST /api/movie 422 51 - 4.120 ms[39m
[35m[39m
2024-05-14 23:02:42 - [35mhttp[39m: [35mPOST /api/movie 422 51 - 1.120 ms[39m
[35m[39m
2024-05-14 23:02:43 - [35mhttp[39m: [35mPOST /api/movie 422 51 - 0.666 ms[39m
[35m[39m
2024-05-14 23:02:44 - [35mhttp[39m: [35mPOST /api/movie 422 51 - 0.796 ms[39m
[35m[39m
2024-05-14 23:05:46 - [32minfo[39m: [32mApp running on port 3000[39m
2024-05-14 23:05:47 - [32minfo[39m: [32mConnected to database[39m
2024-05-14 23:05:52 - [35mhttp[39m: [35mPOST /api/movie 422 51 - 3.730 ms[39m
[35m[39m
2024-05-14 23:05:53 - [35mhttp[39m: [35mPOST /api/movie 422 51 - 0.914 ms[39m
[35m[39m
2024-05-14 23:06:05 - [32minfo[39m: [32mApp running on port 3000[39m
2024-05-14 23:06:05 - [32minfo[39m: [32mConnected to database[39m
2024-05-14 23:08:33 - [32minfo[39m: [32mApp running on port 3000[39m
2024-05-14 23:08:34 - [32minfo[39m: [32mConnected to database[39m
2024-05-14 23:08:37 - [35mhttp[39m: [35mPOST /api/movie 422 51 - 3.713 ms[39m
[35m[39m
2024-05-14 23:08:39 - [35mhttp[39m: [35mPOST /api/movie 422 51 - 1.199 ms[39m
[35m[39m
2024-05-14 23:09:10 - [32minfo[39m: [32mApp running on port 3000[39m
2024-05-14 23:09:10 - [32minfo[39m: [32mConnected to database[39m
2024-05-14 23:09:12 - [35mhttp[39m: [35mGET /api/test 200 12 - 1.742 ms[39m
[35m[39m
2024-05-14 23:09:15 - [35mhttp[39m: [35mPOST /api/movie 422 51 - 3.915 ms[39m
[35m[39m
2024-05-14 23:09:34 - [32minfo[39m: [32mApp running on port 3000[39m
2024-05-14 23:09:35 - [32minfo[39m: [32mConnected to database[39m
2024-05-14 23:09:40 - [35mhttp[39m: [35mPOST /api/movie 422 51 - 3.983 ms[39m
[35m[39m
2024-05-14 23:09:50 - [32minfo[39m: [32mApp running on port 3000[39m
2024-05-14 23:09:50 - [32minfo[39m: [32mConnected to database[39m
2024-05-14 23:10:01 - [32minfo[39m: [32mApp running on port 3000[39m
2024-05-14 23:10:01 - [32minfo[39m: [32mConnected to database[39m
2024-05-14 23:10:12 - [32minfo[39m: [32mApp running on port 3000[39m
2024-05-14 23:10:13 - [32minfo[39m: [32mConnected to database[39m
2024-05-14 23:11:26 - [32minfo[39m: [32mApp running on port 3000[39m
2024-05-14 23:11:27 - [32minfo[39m: [32mConnected to database[39m
2024-05-14 23:13:16 - [32minfo[39m: [32mApp running on port 3000[39m
2024-05-14 23:13:19 - [32minfo[39m: [32mConnected to database[39m
2024-05-14 23:13:28 - [32minfo[39m: [32mApp running on port 3000[39m
2024-05-14 23:13:28 - [32minfo[39m: [32mConnected to database[39m
2024-05-14 23:13:31 - [35mhttp[39m: [35mPOST /api/movie 422 309 - 7.947 ms[39m
[35m[39m
2024-05-14 23:13:42 - [32minfo[39m: [32mApp running on port 3000[39m
2024-05-14 23:13:43 - [32minfo[39m: [32mConnected to database[39m
2024-05-14 23:15:38 - [32minfo[39m: [32mApp running on port 3000[39m
2024-05-14 23:15:38 - [32minfo[39m: [32mConnected to database[39m
2024-05-14 23:15:50 - [32minfo[39m: [32mApp running on port 3000[39m
2024-05-14 23:15:50 - [32minfo[39m: [32mConnected to database[39m
2024-05-14 23:15:53 - [35mhttp[39m: [35mPOST /api/movie 422 51 - 5.912 ms[39m
[35m[39m
2024-05-14 23:16:11 - [32minfo[39m: [32mApp running on port 3000[39m
2024-05-14 23:16:11 - [32minfo[39m: [32mConnected to database[39m
2024-05-14 23:16:19 - [32minfo[39m: [32mApp running on port 3000[39m
2024-05-14 23:16:20 - [32minfo[39m: [32mConnected to database[39m
2024-05-14 23:16:21 - [35mhttp[39m: [35mPOST /api/movie 422 47 - 3.695 ms[39m
[35m[39m
2024-05-14 23:16:39 - [32minfo[39m: [32mApp running on port 3000[39m
2024-05-14 23:16:40 - [32minfo[39m: [32mConnected to database[39m
2024-05-14 23:17:50 - [32minfo[39m: [32mApp running on port 3000[39m
2024-05-14 23:17:51 - [32minfo[39m: [32mApp running on port 3000[39m
2024-05-14 23:17:51 - [32minfo[39m: [32mConnected to database[39m
2024-05-14 23:17:58 - [32minfo[39m: [32mApp running on port 3000[39m
2024-05-14 23:17:58 - [32minfo[39m: [32mConnected to database[39m
2024-05-14 23:18:14 - [32minfo[39m: [32mApp running on port 3000[39m
2024-05-14 23:18:14 - [32minfo[39m: [32mConnected to database[39m
2024-05-14 23:18:22 - [32minfo[39m: [32mApp running on port 3000[39m
2024-05-14 23:18:23 - [32minfo[39m: [32mConnected to database[39m
2024-05-14 23:19:19 - [32minfo[39m: [32mApp running on port 3000[39m
2024-05-14 23:19:20 - [32minfo[39m: [32mConnected to database[39m
2024-05-14 23:19:23 - [32minfo[39m: [32mApp running on port 3000[39m
2024-05-14 23:19:24 - [32minfo[39m: [32mConnected to database[39m
2024-05-14 23:20:08 - [32minfo[39m: [32mApp running on port 3000[39m
2024-05-14 23:20:08 - [32minfo[39m: [32mConnected to database[39m
2024-05-14 23:20:42 - [31merror[39m: [31mSystem error: [39m
2024-05-14 23:21:29 - [32minfo[39m: [32mApp running on port 3000[39m
2024-05-14 23:21:29 - [32minfo[39m: [32mConnected to database[39m
2024-05-14 23:21:33 - [31merror[39m: [31mSystem error:  Cast to ObjectId failed for value "1" (type string) at path "_id" for model "Movie"[39m
2024-05-14 23:22:09 - [35mhttp[39m: [35mGET /api/movie/1 - - - - ms[39m
[35m[39m
2024-05-14 23:22:16 - [35mhttp[39m: [35mPOST /api/movie 422 273 - 6.457 ms[39m
[35m[39m
2024-05-14 23:23:08 - [35mhttp[39m: [35mPOST /api/movie 201 233 - 47.285 ms[39m
[35m[39m
2024-05-14 23:23:19 - [35mhttp[39m: [35mGET /api/movie/66441c8c0255a50a723f02a1 404 38 - 33.475 ms[39m
[35m[39m
2024-05-14 23:23:28 - [35mhttp[39m: [35mGET /api/movie/66441c8c0255a50a723f02a2 - - - - ms[39m
[35m[39m
2024-05-14 23:24:00 - [32minfo[39m: [32mApp running on port 3000[39m
2024-05-14 23:24:01 - [32minfo[39m: [32mConnected to database[39m
2024-05-14 23:24:06 - [35mhttp[39m: [35mGET /api/movie/66441c8c0255a50a723f02a2 200 233 - 50.747 ms[39m
[35m[39m
2024-05-14 23:25:25 - [32minfo[39m: [32mApp running on port 3000[39m
2024-05-14 23:25:31 - [32minfo[39m: [32mApp running on port 3000[39m
2024-05-14 23:25:32 - [32minfo[39m: [32mApp running on port 3000[39m
2024-05-14 23:25:32 - [32minfo[39m: [32mConnected to database[39m
2024-05-14 23:25:38 - [32minfo[39m: [32mApp running on port 3000[39m
2024-05-14 23:25:39 - [32minfo[39m: [32mConnected to database[39m
2024-05-14 23:26:17 - [32minfo[39m: [32mApp running on port 3000[39m
2024-05-14 23:26:18 - [32minfo[39m: [32mConnected to database[39m
2024-05-14 23:26:42 - [32minfo[39m: [32mApp running on port 3000[39m
2024-05-14 23:26:42 - [32minfo[39m: [32mConnected to database[39m
2024-05-14 23:27:10 - [35mhttp[39m: [35mGET /api/movie 404 148 - 2.109 ms[39m
[35m[39m
2024-05-14 23:27:27 - [32minfo[39m: [32mApp running on port 3000[39m
2024-05-14 23:27:27 - [32minfo[39m: [32mConnected to database[39m
2024-05-14 23:27:29 - [35mhttp[39m: [35mGET /api/movie 200 876 - 29.377 ms[39m
[35m[39m
2024-05-14 23:28:34 - [32minfo[39m: [32mApp running on port 3000[39m
2024-05-14 23:28:35 - [32minfo[39m: [32mConnected to database[39m
2024-05-14 23:29:02 - [32minfo[39m: [32mApp running on port 3000[39m
2024-05-14 23:29:02 - [32minfo[39m: [32mConnected to database[39m
2024-05-14 23:29:08 - [32minfo[39m: [32mApp running on port 3000[39m
2024-05-14 23:29:08 - [32minfo[39m: [32mConnected to database[39m
2024-05-14 23:29:09 - [32minfo[39m: [32mApp running on port 3000[39m
2024-05-14 23:29:09 - [32minfo[39m: [32mConnected to database[39m
2024-05-14 23:29:13 - [32minfo[39m: [32mApp running on port 3000[39m
2024-05-14 23:29:13 - [32minfo[39m: [32mConnected to database[39m
2024-05-14 23:29:18 - [32minfo[39m: [32mApp running on port 3000[39m
2024-05-14 23:29:19 - [32minfo[39m: [32mConnected to database[39m
2024-05-14 23:29:19 - [32minfo[39m: [32mApp running on port 3000[39m
2024-05-14 23:29:20 - [32minfo[39m: [32mConnected to database[39m
2024-05-14 23:30:18 - [32minfo[39m: [32mApp running on port 3000[39m
2024-05-14 23:30:18 - [32minfo[39m: [32mConnected to database[39m
2024-05-14 23:30:50 - [32minfo[39m: [32mApp running on port 3000[39m
2024-05-14 23:30:50 - [32minfo[39m: [32mConnected to database[39m
2024-05-14 23:31:09 - [35mhttp[39m: [35mDELETE /api/movie/66441c8c0255a50a723f02a1 404 37 - 30.951 ms[39m
[35m[39m
2024-05-14 23:33:04 - [32minfo[39m: [32mApp running on port 3000[39m
2024-05-14 23:33:04 - [32minfo[39m: [32mConnected to database[39m
2024-05-14 23:33:52 - [32minfo[39m: [32mApp running on port 3000[39m
2024-05-14 23:33:52 - [32minfo[39m: [32mConnected to database[39m
2024-05-14 23:33:57 - [35mhttp[39m: [35mGET /api/movie/66441c8c0255a50a723f02a2 200 233 - 31.288 ms[39m
[35m[39m
2024-05-14 23:34:16 - [35mhttp[39m: [35mDELETE /api/movie/6642a8c2e1ee213800f99eca 200 45 - 50.069 ms[39m
[35m[39m
2024-05-14 23:34:22 - [35mhttp[39m: [35mGET /api/movie/6642a8c2e1ee213800f99eca 404 38 - 19.018 ms[39m
[35m[39m
2024-05-14 23:35:19 - [32minfo[39m: [32mApp running on port 3000[39m
2024-05-14 23:35:20 - [32minfo[39m: [32mConnected to database[39m
2024-05-14 23:35:43 - [32minfo[39m: [32mApp running on port 3000[39m
2024-05-14 23:35:43 - [32minfo[39m: [32mConnected to database[39m
2024-05-14 23:35:51 - [32minfo[39m: [32mApp running on port 3000[39m
2024-05-14 23:35:52 - [32minfo[39m: [32mConnected to database[39m
2024-05-14 23:36:17 - [32minfo[39m: [32mApp running on port 3000[39m
2024-05-14 23:36:18 - [32minfo[39m: [32mConnected to database[39m
2024-05-14 23:36:21 - [32minfo[39m: [32mApp running on port 3000[39m
2024-05-14 23:36:22 - [32minfo[39m: [32mConnected to database[39m
2024-05-14 23:36:59 - [32minfo[39m: [32mApp running on port 3000[39m
2024-05-14 23:36:59 - [32minfo[39m: [32mConnected to database[39m
2024-05-14 23:37:06 - [32minfo[39m: [32mApp running on port 3000[39m
2024-05-14 23:37:07 - [32minfo[39m: [32mConnected to database[39m
2024-05-14 23:37:16 - [32minfo[39m: [32mApp running on port 3000[39m
2024-05-14 23:37:17 - [32minfo[39m: [32mConnected to database[39m
2024-05-14 23:37:23 - [32minfo[39m: [32mApp running on port 3000[39m
2024-05-14 23:37:23 - [32minfo[39m: [32mConnected to database[39m
2024-05-14 23:37:30 - [32minfo[39m: [32mApp running on port 3000[39m
2024-05-14 23:37:30 - [32minfo[39m: [32mConnected to database[39m
2024-05-14 23:38:18 - [32minfo[39m: [32mApp running on port 3000[39m
2024-05-14 23:38:18 - [32minfo[39m: [32mConnected to database[39m
2024-05-14 23:39:12 - [35mhttp[39m: [35mGET /api/movie 200 719 - 41.892 ms[39m
[35m[39m
2024-05-14 23:39:38 - [35mhttp[39m: [35mPATCH /api/movie/66441c8c0255a50a723f02a2 422 226 - 3.921 ms[39m
[35m[39m
2024-05-14 23:39:42 - [35mhttp[39m: [35mGET /api/movie/6642a8c2e1ee213800f99eca 404 38 - 22.272 ms[39m
[35m[39m
2024-05-14 23:39:46 - [35mhttp[39m: [35mGET /api/movie/66441c8c0255a50a723f02a2 200 233 - 24.374 ms[39m
[35m[39m
2024-05-14 23:40:03 - [35mhttp[39m: [35mPATCH /api/movie/66441c8c0255a50a723f02a2 200 241 - 58.438 ms[39m
[35m[39m
2024-05-14 23:40:08 - [35mhttp[39m: [35mGET /api/movie/66441c8c0255a50a723f02a2 200 241 - 21.205 ms[39m
[35m[39m
